<?xml version="1.0" encoding="UTF-8"?>
<testsuites name="jest tests" tests="3" failures="2" time="7.298">
  <testsuite name="xunit" tests="2" skipped="1" failures="0" errors="1" time="9.658348" timestamp="2018-04-24T14:55:21+10:00" hostname="foo.local">
    <testcase classname="Chrome 66.0" name="Unit | Component | autocomplete: shows default results when defaultCategory is set" time="0.070">
      <error message="has results after focusing">
        <![CDATA[
  at Object.<anonymous> (http://localhost:9001/assets/tests.js:2188:20) at runTest (http://localhost:9001/assets/test-support.js:15012:30) at Test.run (http://localhost:9001/assets/test-support.js:14998:6) at http://localhost:9001/assets/test-support.js:15210:12 at advanceTaskQueue (http://localhost:9001/assets/test-support.js:14611:6) at Object.advance (http://localhost:9001/assets/test-support.js:14592:4)
  ]]>
      </error>
      <skipped message="not implemented">
        <![CDATA[implementations are overrated]]>
      </skipped>
    </testcase>
  </testsuite>
  <testsuite name="Login" errors="0" failures="1" skipped="0" timestamp="2018-05-08T23:03:15" time="7.298" tests="2">
    <testcase classname="Login should load without error" name="Login should load without error" time="2.735">
      <failure>
        Error: Expected image to match or be a close match to snapshot but was 8.546910755148742% different from snapshot (6723 differing pixels)
      </failure>
    </testcase>
    <testcase classname="Login should log in successfully" name="Login should log in successfully" time="0.028"></testcase>
  </testsuite>
  <testsuite name="HeaderStore" errors="0" failures="1" skipped="0" timestamp="2018-07-25T03:01:53" time="0.678" tests="7">
    <testcase classname="Header › matches snapshot" name="Header › matches snapshot" time="0.03">
      <failure>Error: expect(value).toMatchSnapshot()

Received value does not match stored snapshot &quot;Header matches snapshot 1&quot;.

- Snapshot
+ Received

@@ -3,11 +3,11 @@
  &gt;
    &lt;nav
      class=&quot;startGroup&quot;
    &gt;
      &lt;a
-       class=&quot;base anchor button booo homeLink&quot;
+       class=&quot;base anchor button linkButton homeLink&quot;
        href=&quot;/&quot;
      &gt;
        &lt;span
          class=&quot;text&quot;
        &gt;
    at Object.toMatchRenderedSnapshot (/build/web/tools/jest/matchers/to_match_rendered_snapshot.ts:9:25)
    at Object.throwingMatcher [as toMatchRenderedSnapshot] (/build/web/node_modules/expect/build/index.js:316:33)
    at Object.it (/build/web/src/pages/editor/header/tests/header.tests.tsx:76:9)
    at Object.asyncFn (/build/web/node_modules/jest-jasmine2/build/jasmine_async.js:108:37)
    at resolve (/build/web/node_modules/jest-jasmine2/build/queue_runner.js:56:12)
    at new Promise (&lt;anonymous&gt;)
    at mapper (/build/web/node_modules/jest-jasmine2/build/queue_runner.js:43:19)
    at promise.then (/build/web/node_modules/jest-jasmine2/build/queue_runner.js:87:41)</failure>
    </testcase>
  </testsuite>
</testsuites>
